<?xml version="1.0" encoding="UTF-8"?>
<!-- Generated by org.testng.reporters.JUnitXMLReporter -->
<testsuite ignored="0" hostname="DESKTOP-AGOQQT3" failures="0" tests="10" name="Default test" time="7.206" errors="0" timestamp="2024-08-08T14:05:53 IST">
  <testcase classname="com.acvissnewdashboardtestcase.HomePageTestcases" name="homePageTitleTest" time="0.048"/>
  <testcase classname="com.acvissnewdashboardtestcase.HomePageTestcases" name="verifyAcvissLogo" time="0.32"/>
  <testcase classname="com.acvissnewdashboardtestcase.HomePageTestcases" name="userDetails" time="0.024"/>
  <testcase classname="com.acvissnewdashboardtestcase.HomePageTestcases" name="verifyCustomerManagementTest" time="0.102"/>
  <testcase classname="com.acvissnewdashboardtestcase.HomePageTestcases" name="verifyCodeManagementTest" time="0.069"/>
  <testcase classname="com.acvissnewdashboardtestcase.HomePageTestcases" name="verifyProductManagement" time="0.072"/>
  <testcase classname="com.acvissnewdashboardtestcase.HomePageTestcases" name="verifyUserManagement" time="0.174"/>
  <testcase classname="com.acvissnewdashboardtestcase.HomePageTestcases" name="verifyVariableData" time="0.195"/>
  <testcase classname="com.acvissnewdashboardtestcase.HomePageTestcases" name="verifyLoyaltySystem" time="0.149"/>
  <testcase classname="com.acvissnewdashboardtestcase.HomePageTestcases" name="verifyLicenceManagement" time="0.072"/>
</testsuite> <!-- Default test -->
