<?xml version="1.0" encoding="UTF-8"?>
<!-- Generated by org.testng.reporters.JUnitXMLReporter -->
<testsuite ignored="0" hostname="DESKTOP-95BQ4HS" failures="0" tests="16" name="Test" time="31.047" errors="0" timestamp="2024-08-08T14:39:07 IST">
  <testcase classname="com.acvissnewdashboardtestcase.LoginPageTest" name="loginPageTitleTest" time="0.073"/>
  <testcase classname="com.acvissnewdashboardtestcase.LoginPageTest" name="acvissLogoTest" time="3.04"/>
  <testcase classname="com.acvissnewdashboardtestcase.LoginPageTest" name="logintest" time="0.458"/>
  <testcase classname="com.acvissnewdashboardtestcase.LoginPageTest" name="emptyValidationForUsernameTest" time="0.205"/>
  <testcase classname="com.acvissnewdashboardtestcase.LoginPageTest" name="emptyValidationForPasswordTest" time="0.198"/>
  <testcase classname="com.acvissnewdashboardtestcase.LoginPageTest" name="incorrectUsernameAndPasswordTest" time="0.724"/>
  <testcase classname="com.acvissnewdashboardtestcase.HomePageTestcases" name="homePageTitleTest" time="0.01"/>
  <testcase classname="com.acvissnewdashboardtestcase.HomePageTestcases" name="verifyAcvissLogo" time="0.027"/>
  <testcase classname="com.acvissnewdashboardtestcase.HomePageTestcases" name="userDetails" time="0.027"/>
  <testcase classname="com.acvissnewdashboardtestcase.HomePageTestcases" name="verifyCustomerManagementTest" time="0.452"/>
  <testcase classname="com.acvissnewdashboardtestcase.HomePageTestcases" name="verifyCodeManagementTest" time="0.068"/>
  <testcase classname="com.acvissnewdashboardtestcase.HomePageTestcases" name="verifyProductManagement" time="0.069"/>
  <testcase classname="com.acvissnewdashboardtestcase.HomePageTestcases" name="verifyUserManagement" time="0.168"/>
  <testcase classname="com.acvissnewdashboardtestcase.HomePageTestcases" name="verifyVariableData" time="0.063"/>
  <testcase classname="com.acvissnewdashboardtestcase.HomePageTestcases" name="verifyLoyaltySystem" time="0.118"/>
  <testcase classname="com.acvissnewdashboardtestcase.HomePageTestcases" name="verifyLicenceManagement" time="0.204"/>
</testsuite> <!-- Test -->
