<?xml version="1.0" encoding="UTF-8"?>
<testng-results ignored="0" total="16" passed="16" failed="0" skipped="0">
  <reporter-output>
  </reporter-output>
  <suite started-at="2024-08-08T14:38:36 IST" name="Suite" finished-at="2024-08-08T14:39:07 IST" duration-ms="31047">
    <groups>
    </groups>
    <test started-at="2024-08-08T14:38:36 IST" name="Test" finished-at="2024-08-08T14:39:07 IST" duration-ms="31047">
      <class name="com.acvissnewdashboardtestcase.HomePageTestcases">
        <test-method is-config="true" signature="setUp()[pri:0, instance:com.acvissnewdashboardtestcase.HomePageTestcases@2f67a4d3]" started-at="2024-08-08T14:39:00 IST" name="setUp" finished-at="2024-08-08T14:39:06 IST" duration-ms="5427" status="PASS">
          <reporter-output>
          </reporter-output>
        </test-method> <!-- setUp -->
        <test-method signature="homePageTitleTest()[pri:1, instance:com.acvissnewdashboardtestcase.HomePageTestcases@2f67a4d3]" started-at="2024-08-08T14:39:06 IST" name="homePageTitleTest" finished-at="2024-08-08T14:39:06 IST" duration-ms="10" status="PASS">
          <reporter-output>
          </reporter-output>
        </test-method> <!-- homePageTitleTest -->
        <test-method signature="verifyAcvissLogo()[pri:2, instance:com.acvissnewdashboardtestcase.HomePageTestcases@2f67a4d3]" started-at="2024-08-08T14:39:06 IST" name="verifyAcvissLogo" finished-at="2024-08-08T14:39:06 IST" duration-ms="27" status="PASS">
          <reporter-output>
          </reporter-output>
        </test-method> <!-- verifyAcvissLogo -->
        <test-method signature="userDetails()[pri:3, instance:com.acvissnewdashboardtestcase.HomePageTestcases@2f67a4d3]" started-at="2024-08-08T14:39:06 IST" name="userDetails" finished-at="2024-08-08T14:39:06 IST" duration-ms="27" status="PASS">
          <reporter-output>
          </reporter-output>
        </test-method> <!-- userDetails -->
        <test-method signature="verifyCustomerManagementTest()[pri:4, instance:com.acvissnewdashboardtestcase.HomePageTestcases@2f67a4d3]" started-at="2024-08-08T14:39:06 IST" name="verifyCustomerManagementTest" finished-at="2024-08-08T14:39:06 IST" duration-ms="452" status="PASS">
          <reporter-output>
          </reporter-output>
        </test-method> <!-- verifyCustomerManagementTest -->
        <test-method signature="verifyCodeManagementTest()[pri:5, instance:com.acvissnewdashboardtestcase.HomePageTestcases@2f67a4d3]" started-at="2024-08-08T14:39:06 IST" name="verifyCodeManagementTest" finished-at="2024-08-08T14:39:07 IST" duration-ms="68" status="PASS">
          <reporter-output>
          </reporter-output>
        </test-method> <!-- verifyCodeManagementTest -->
        <test-method signature="verifyProductManagement()[pri:6, instance:com.acvissnewdashboardtestcase.HomePageTestcases@2f67a4d3]" started-at="2024-08-08T14:39:07 IST" name="verifyProductManagement" finished-at="2024-08-08T14:39:07 IST" duration-ms="69" status="PASS">
          <reporter-output>
          </reporter-output>
        </test-method> <!-- verifyProductManagement -->
        <test-method signature="verifyUserManagement()[pri:7, instance:com.acvissnewdashboardtestcase.HomePageTestcases@2f67a4d3]" started-at="2024-08-08T14:39:07 IST" name="verifyUserManagement" finished-at="2024-08-08T14:39:07 IST" duration-ms="168" status="PASS">
          <reporter-output>
          </reporter-output>
        </test-method> <!-- verifyUserManagement -->
        <test-method signature="verifyVariableData()[pri:8, instance:com.acvissnewdashboardtestcase.HomePageTestcases@2f67a4d3]" started-at="2024-08-08T14:39:07 IST" name="verifyVariableData" finished-at="2024-08-08T14:39:07 IST" duration-ms="63" status="PASS">
          <reporter-output>
          </reporter-output>
        </test-method> <!-- verifyVariableData -->
        <test-method signature="verifyLoyaltySystem()[pri:11, instance:com.acvissnewdashboardtestcase.HomePageTestcases@2f67a4d3]" started-at="2024-08-08T14:39:07 IST" name="verifyLoyaltySystem" finished-at="2024-08-08T14:39:07 IST" duration-ms="118" status="PASS">
          <reporter-output>
          </reporter-output>
        </test-method> <!-- verifyLoyaltySystem -->
        <test-method signature="verifyLicenceManagement()[pri:12, instance:com.acvissnewdashboardtestcase.HomePageTestcases@2f67a4d3]" started-at="2024-08-08T14:39:07 IST" name="verifyLicenceManagement" finished-at="2024-08-08T14:39:07 IST" duration-ms="204" status="PASS">
          <reporter-output>
          </reporter-output>
        </test-method> <!-- verifyLicenceManagement -->
        <test-method is-config="true" signature="tearDown()[pri:0, instance:com.acvissnewdashboardtestcase.HomePageTestcases@2f67a4d3]" started-at="2024-08-08T14:39:07 IST" name="tearDown" finished-at="2024-08-08T14:39:07 IST" duration-ms="182" status="PASS">
          <reporter-output>
          </reporter-output>
        </test-method> <!-- tearDown -->
      </class> <!-- com.acvissnewdashboardtestcase.HomePageTestcases -->
      <class name="com.acvissnewdashboardtestcase.LoginPageTest">
        <test-method is-config="true" signature="setUp()[pri:0, instance:com.acvissnewdashboardtestcase.LoginPageTest@6933b6c6]" started-at="2024-08-08T14:38:36 IST" name="setUp" finished-at="2024-08-08T14:38:39 IST" duration-ms="2777" status="PASS">
          <reporter-output>
          </reporter-output>
        </test-method> <!-- setUp -->
        <test-method signature="loginPageTitleTest()[pri:1, instance:com.acvissnewdashboardtestcase.LoginPageTest@6933b6c6]" started-at="2024-08-08T14:38:39 IST" name="loginPageTitleTest" finished-at="2024-08-08T14:38:39 IST" duration-ms="73" status="PASS">
          <reporter-output>
          </reporter-output>
        </test-method> <!-- loginPageTitleTest -->
        <test-method is-config="true" signature="tearDown()[pri:0, instance:com.acvissnewdashboardtestcase.LoginPageTest@6933b6c6]" started-at="2024-08-08T14:38:39 IST" name="tearDown" finished-at="2024-08-08T14:38:40 IST" duration-ms="1169" status="PASS">
          <reporter-output>
          </reporter-output>
        </test-method> <!-- tearDown -->
        <test-method is-config="true" signature="setUp()[pri:0, instance:com.acvissnewdashboardtestcase.LoginPageTest@6933b6c6]" started-at="2024-08-08T14:38:40 IST" name="setUp" finished-at="2024-08-08T14:38:43 IST" duration-ms="2160" status="PASS">
          <reporter-output>
          </reporter-output>
        </test-method> <!-- setUp -->
        <test-method signature="acvissLogoTest()[pri:2, instance:com.acvissnewdashboardtestcase.LoginPageTest@6933b6c6]" started-at="2024-08-08T14:38:43 IST" name="acvissLogoTest" finished-at="2024-08-08T14:38:46 IST" duration-ms="3040" status="PASS">
          <reporter-output>
          </reporter-output>
        </test-method> <!-- acvissLogoTest -->
        <test-method is-config="true" signature="tearDown()[pri:0, instance:com.acvissnewdashboardtestcase.LoginPageTest@6933b6c6]" started-at="2024-08-08T14:38:46 IST" name="tearDown" finished-at="2024-08-08T14:38:47 IST" duration-ms="1130" status="PASS">
          <reporter-output>
          </reporter-output>
        </test-method> <!-- tearDown -->
        <test-method is-config="true" signature="setUp()[pri:0, instance:com.acvissnewdashboardtestcase.LoginPageTest@6933b6c6]" started-at="2024-08-08T14:38:47 IST" name="setUp" finished-at="2024-08-08T14:38:49 IST" duration-ms="1795" status="PASS">
          <reporter-output>
          </reporter-output>
        </test-method> <!-- setUp -->
        <test-method signature="logintest()[pri:3, instance:com.acvissnewdashboardtestcase.LoginPageTest@6933b6c6]" started-at="2024-08-08T14:38:49 IST" name="logintest" finished-at="2024-08-08T14:38:49 IST" duration-ms="458" status="PASS">
          <reporter-output>
          </reporter-output>
        </test-method> <!-- logintest -->
        <test-method is-config="true" signature="tearDown()[pri:0, instance:com.acvissnewdashboardtestcase.LoginPageTest@6933b6c6]" started-at="2024-08-08T14:38:49 IST" name="tearDown" finished-at="2024-08-08T14:38:50 IST" duration-ms="1163" status="PASS">
          <reporter-output>
          </reporter-output>
        </test-method> <!-- tearDown -->
        <test-method is-config="true" signature="setUp()[pri:0, instance:com.acvissnewdashboardtestcase.LoginPageTest@6933b6c6]" started-at="2024-08-08T14:38:50 IST" name="setUp" finished-at="2024-08-08T14:38:52 IST" duration-ms="1985" status="PASS">
          <reporter-output>
          </reporter-output>
        </test-method> <!-- setUp -->
        <test-method signature="emptyValidationForUsernameTest()[pri:4, instance:com.acvissnewdashboardtestcase.LoginPageTest@6933b6c6]" started-at="2024-08-08T14:38:52 IST" name="emptyValidationForUsernameTest" finished-at="2024-08-08T14:38:52 IST" duration-ms="205" status="PASS">
          <reporter-output>
          </reporter-output>
        </test-method> <!-- emptyValidationForUsernameTest -->
        <test-method is-config="true" signature="tearDown()[pri:0, instance:com.acvissnewdashboardtestcase.LoginPageTest@6933b6c6]" started-at="2024-08-08T14:38:52 IST" name="tearDown" finished-at="2024-08-08T14:38:54 IST" duration-ms="1161" status="PASS">
          <reporter-output>
          </reporter-output>
        </test-method> <!-- tearDown -->
        <test-method is-config="true" signature="setUp()[pri:0, instance:com.acvissnewdashboardtestcase.LoginPageTest@6933b6c6]" started-at="2024-08-08T14:38:54 IST" name="setUp" finished-at="2024-08-08T14:38:55 IST" duration-ms="1757" status="PASS">
          <reporter-output>
          </reporter-output>
        </test-method> <!-- setUp -->
        <test-method signature="emptyValidationForPasswordTest()[pri:5, instance:com.acvissnewdashboardtestcase.LoginPageTest@6933b6c6]" started-at="2024-08-08T14:38:55 IST" name="emptyValidationForPasswordTest" finished-at="2024-08-08T14:38:55 IST" duration-ms="198" status="PASS">
          <reporter-output>
          </reporter-output>
        </test-method> <!-- emptyValidationForPasswordTest -->
        <test-method is-config="true" signature="tearDown()[pri:0, instance:com.acvissnewdashboardtestcase.LoginPageTest@6933b6c6]" started-at="2024-08-08T14:38:55 IST" name="tearDown" finished-at="2024-08-08T14:38:57 IST" duration-ms="1187" status="PASS">
          <reporter-output>
          </reporter-output>
        </test-method> <!-- tearDown -->
        <test-method is-config="true" signature="setUp()[pri:0, instance:com.acvissnewdashboardtestcase.LoginPageTest@6933b6c6]" started-at="2024-08-08T14:38:57 IST" name="setUp" finished-at="2024-08-08T14:38:59 IST" duration-ms="1927" status="PASS">
          <reporter-output>
          </reporter-output>
        </test-method> <!-- setUp -->
        <test-method signature="incorrectUsernameAndPasswordTest()[pri:6, instance:com.acvissnewdashboardtestcase.LoginPageTest@6933b6c6]" started-at="2024-08-08T14:38:59 IST" name="incorrectUsernameAndPasswordTest" finished-at="2024-08-08T14:38:59 IST" duration-ms="724" status="PASS">
          <reporter-output>
          </reporter-output>
        </test-method> <!-- incorrectUsernameAndPasswordTest -->
        <test-method is-config="true" signature="tearDown()[pri:0, instance:com.acvissnewdashboardtestcase.LoginPageTest@6933b6c6]" started-at="2024-08-08T14:38:59 IST" name="tearDown" finished-at="2024-08-08T14:39:00 IST" duration-ms="1148" status="PASS">
          <reporter-output>
          </reporter-output>
        </test-method> <!-- tearDown -->
      </class> <!-- com.acvissnewdashboardtestcase.LoginPageTest -->
    </test> <!-- Test -->
  </suite> <!-- Suite -->
</testng-results>
