<?xml version="1.0" encoding="UTF-8"?>
<testng-results ignored="0" total="16" passed="15" failed="1" skipped="0">
  <reporter-output>
  </reporter-output>
  <suite started-at="2024-08-08T14:07:27 IST" name="Suite" finished-at="2024-08-08T14:08:01 IST" duration-ms="34102">
    <groups>
    </groups>
    <test started-at="2024-08-08T14:07:27 IST" name="Test" finished-at="2024-08-08T14:08:01 IST" duration-ms="34102">
      <class name="com.acvissnewdashboardtestcase.HomePageTestcases">
        <test-method is-config="true" signature="setUp()[pri:0, instance:com.acvissnewdashboardtestcase.HomePageTestcases@626abbd0]" started-at="2024-08-08T14:07:54 IST" name="setUp" finished-at="2024-08-08T14:08:00 IST" duration-ms="5083" status="PASS">
          <reporter-output>
          </reporter-output>
        </test-method> <!-- setUp -->
        <test-method signature="homePageTitleTest()[pri:1, instance:com.acvissnewdashboardtestcase.HomePageTestcases@626abbd0]" started-at="2024-08-08T14:08:00 IST" name="homePageTitleTest" finished-at="2024-08-08T14:08:00 IST" duration-ms="10" status="PASS">
          <reporter-output>
          </reporter-output>
        </test-method> <!-- homePageTitleTest -->
        <test-method signature="verifyAcvissLogo()[pri:2, instance:com.acvissnewdashboardtestcase.HomePageTestcases@626abbd0]" started-at="2024-08-08T14:08:00 IST" name="verifyAcvissLogo" finished-at="2024-08-08T14:08:00 IST" duration-ms="29" status="PASS">
          <reporter-output>
          </reporter-output>
        </test-method> <!-- verifyAcvissLogo -->
        <test-method signature="userDetails()[pri:3, instance:com.acvissnewdashboardtestcase.HomePageTestcases@626abbd0]" started-at="2024-08-08T14:08:00 IST" name="userDetails" finished-at="2024-08-08T14:08:00 IST" duration-ms="24" status="PASS">
          <reporter-output>
          </reporter-output>
        </test-method> <!-- userDetails -->
        <test-method signature="verifyCustomerManagementTest()[pri:4, instance:com.acvissnewdashboardtestcase.HomePageTestcases@626abbd0]" started-at="2024-08-08T14:08:00 IST" name="verifyCustomerManagementTest" finished-at="2024-08-08T14:08:00 IST" duration-ms="299" status="FAIL">
          <exception class="org.openqa.selenium.StaleElementReferenceException">
            <message>
              <![CDATA[stale element reference: stale element not found
  (Session info: chrome=127.0.6533.90)
For documentation on this error, please visit: https://www.selenium.dev/documentation/webdriver/troubleshooting/errors#stale-element-reference-exception
Build info: version: '4.14.1', revision: '03f8ede370'
System info: os.name: 'Windows 11', os.arch: 'amd64', os.version: '10.0', java.version: '21.0.1'
Driver info: org.openqa.selenium.chrome.ChromeDriver
Command: [c45de148f57a629a93e782679ebe7d03, clickElement {id=f.53480ADC200C4D618303286BF2109C42.d.0A913A76C6782DA1ED1ED07B64E08F09.e.878}]
Capabilities {acceptInsecureCerts: false, browserName: chrome, browserVersion: 127.0.6533.90, chrome: {chromedriverVersion: 127.0.6533.99 (f31af5097d90..., userDataDir: C:\Users\Acviss\AppData\Loc...}, fedcm:accounts: true, goog:chromeOptions: {debuggerAddress: localhost:54425}, networkConnectionEnabled: false, pageLoadStrategy: normal, platformName: windows, proxy: Proxy(), se:cdp: ws://localhost:54425/devtoo..., se:cdpVersion: 127.0.6533.90, setWindowRect: true, strictFileInteractability: false, timeouts: {implicit: 0, pageLoad: 300000, script: 30000}, unhandledPromptBehavior: dismiss and notify, webauthn:extension:credBlob: true, webauthn:extension:largeBlob: true, webauthn:extension:minPinLength: true, webauthn:extension:prf: true, webauthn:virtualAuthenticators: true}
Element: [[ChromeDriver: chrome on windows (c45de148f57a629a93e782679ebe7d03)] -> xpath: //aside/div/div[2]/following::a[2]]
Session ID: c45de148f57a629a93e782679ebe7d03]]>
            </message>
            <full-stacktrace>
              <![CDATA[org.openqa.selenium.StaleElementReferenceException: stale element reference: stale element not found
  (Session info: chrome=127.0.6533.90)
For documentation on this error, please visit: https://www.selenium.dev/documentation/webdriver/troubleshooting/errors#stale-element-reference-exception
Build info: version: '4.14.1', revision: '03f8ede370'
System info: os.name: 'Windows 11', os.arch: 'amd64', os.version: '10.0', java.version: '21.0.1'
Driver info: org.openqa.selenium.chrome.ChromeDriver
Command: [c45de148f57a629a93e782679ebe7d03, clickElement {id=f.53480ADC200C4D618303286BF2109C42.d.0A913A76C6782DA1ED1ED07B64E08F09.e.878}]
Capabilities {acceptInsecureCerts: false, browserName: chrome, browserVersion: 127.0.6533.90, chrome: {chromedriverVersion: 127.0.6533.99 (f31af5097d90..., userDataDir: C:\Users\Acviss\AppData\Loc...}, fedcm:accounts: true, goog:chromeOptions: {debuggerAddress: localhost:54425}, networkConnectionEnabled: false, pageLoadStrategy: normal, platformName: windows, proxy: Proxy(), se:cdp: ws://localhost:54425/devtoo..., se:cdpVersion: 127.0.6533.90, setWindowRect: true, strictFileInteractability: false, timeouts: {implicit: 0, pageLoad: 300000, script: 30000}, unhandledPromptBehavior: dismiss and notify, webauthn:extension:credBlob: true, webauthn:extension:largeBlob: true, webauthn:extension:minPinLength: true, webauthn:extension:prf: true, webauthn:virtualAuthenticators: true}
Element: [[ChromeDriver: chrome on windows (c45de148f57a629a93e782679ebe7d03)] -> xpath: //aside/div/div[2]/following::a[2]]
Session ID: c45de148f57a629a93e782679ebe7d03
at java.base/jdk.internal.reflect.DirectConstructorHandleAccessor.newInstance(DirectConstructorHandleAccessor.java:62)
at java.base/java.lang.reflect.Constructor.newInstanceWithCaller(Constructor.java:502)
at java.base/java.lang.reflect.Constructor.newInstance(Constructor.java:486)
at org.openqa.selenium.remote.codec.w3c.W3CHttpResponseCodec.createException(W3CHttpResponseCodec.java:200)
at org.openqa.selenium.remote.codec.w3c.W3CHttpResponseCodec.decode(W3CHttpResponseCodec.java:133)
at org.openqa.selenium.remote.codec.w3c.W3CHttpResponseCodec.decode(W3CHttpResponseCodec.java:52)
at org.openqa.selenium.remote.HttpCommandExecutor.execute(HttpCommandExecutor.java:191)
at org.openqa.selenium.remote.service.DriverCommandExecutor.invokeExecute(DriverCommandExecutor.java:200)
at org.openqa.selenium.remote.service.DriverCommandExecutor.execute(DriverCommandExecutor.java:175)
at org.openqa.selenium.remote.RemoteWebDriver.execute(RemoteWebDriver.java:602)
at org.openqa.selenium.remote.RemoteWebElement.execute(RemoteWebElement.java:224)
at org.openqa.selenium.remote.RemoteWebElement.click(RemoteWebElement.java:77)
at java.base/jdk.internal.reflect.DirectMethodHandleAccessor.invoke(DirectMethodHandleAccessor.java:103)
at java.base/java.lang.reflect.Method.invoke(Method.java:580)
at org.openqa.selenium.support.pagefactory.internal.LocatingElementHandler.invoke(LocatingElementHandler.java:51)
at jdk.proxy2/jdk.proxy2.$Proxy15.click(Unknown Source)
at com.newacvissdashboard.pages.Homepage.Click_on_CustomerManagementLink(Homepage.java:103)
at com.acvissnewdashboardtestcase.HomePageTestcases.verifyCustomerManagementTest(HomePageTestcases.java:79)
at java.base/jdk.internal.reflect.DirectMethodHandleAccessor.invoke(DirectMethodHandleAccessor.java:103)
at java.base/java.lang.reflect.Method.invoke(Method.java:580)
at org.testng.internal.MethodInvocationHelper.invokeMethod(MethodInvocationHelper.java:133)
at org.testng.internal.TestInvoker.invokeMethod(TestInvoker.java:598)
at org.testng.internal.TestInvoker.invokeTestMethod(TestInvoker.java:173)
at org.testng.internal.MethodRunner.runInSequence(MethodRunner.java:46)
at org.testng.internal.TestInvoker$MethodInvocationAgent.invoke(TestInvoker.java:824)
at org.testng.internal.TestInvoker.invokeTestMethods(TestInvoker.java:146)
at org.testng.internal.TestMethodWorker.invokeTestMethods(TestMethodWorker.java:146)
at org.testng.internal.TestMethodWorker.run(TestMethodWorker.java:128)
at java.base/java.util.ArrayList.forEach(ArrayList.java:1596)
at org.testng.TestRunner.privateRun(TestRunner.java:794)
at org.testng.TestRunner.run(TestRunner.java:596)
at org.testng.SuiteRunner.runTest(SuiteRunner.java:377)
at org.testng.SuiteRunner.runSequentially(SuiteRunner.java:371)
at org.testng.SuiteRunner.privateRun(SuiteRunner.java:332)
at org.testng.SuiteRunner.run(SuiteRunner.java:276)
at org.testng.SuiteRunnerWorker.runSuite(SuiteRunnerWorker.java:53)
at org.testng.SuiteRunnerWorker.run(SuiteRunnerWorker.java:96)
at org.testng.TestNG.runSuitesSequentially(TestNG.java:1212)
at org.testng.TestNG.runSuitesLocally(TestNG.java:1134)
at org.testng.TestNG.runSuites(TestNG.java:1063)
at org.testng.TestNG.run(TestNG.java:1031)
at org.testng.remote.AbstractRemoteTestNG.run(AbstractRemoteTestNG.java:115)
at org.testng.remote.RemoteTestNG.initAndRun(RemoteTestNG.java:293)
at org.testng.remote.RemoteTestNG.main(RemoteTestNG.java:91)
]]>
            </full-stacktrace>
          </exception> <!-- org.openqa.selenium.StaleElementReferenceException -->
          <reporter-output>
          </reporter-output>
        </test-method> <!-- verifyCustomerManagementTest -->
        <test-method signature="verifyCodeManagementTest()[pri:5, instance:com.acvissnewdashboardtestcase.HomePageTestcases@626abbd0]" started-at="2024-08-08T14:08:00 IST" name="verifyCodeManagementTest" finished-at="2024-08-08T14:08:00 IST" duration-ms="190" status="PASS">
          <reporter-output>
          </reporter-output>
        </test-method> <!-- verifyCodeManagementTest -->
        <test-method signature="verifyProductManagement()[pri:6, instance:com.acvissnewdashboardtestcase.HomePageTestcases@626abbd0]" started-at="2024-08-08T14:08:00 IST" name="verifyProductManagement" finished-at="2024-08-08T14:08:00 IST" duration-ms="106" status="PASS">
          <reporter-output>
          </reporter-output>
        </test-method> <!-- verifyProductManagement -->
        <test-method signature="verifyUserManagement()[pri:7, instance:com.acvissnewdashboardtestcase.HomePageTestcases@626abbd0]" started-at="2024-08-08T14:08:00 IST" name="verifyUserManagement" finished-at="2024-08-08T14:08:00 IST" duration-ms="227" status="PASS">
          <reporter-output>
          </reporter-output>
        </test-method> <!-- verifyUserManagement -->
        <test-method signature="verifyVariableData()[pri:8, instance:com.acvissnewdashboardtestcase.HomePageTestcases@626abbd0]" started-at="2024-08-08T14:08:00 IST" name="verifyVariableData" finished-at="2024-08-08T14:08:01 IST" duration-ms="93" status="PASS">
          <reporter-output>
          </reporter-output>
        </test-method> <!-- verifyVariableData -->
        <test-method signature="verifyLoyaltySystem()[pri:11, instance:com.acvissnewdashboardtestcase.HomePageTestcases@626abbd0]" started-at="2024-08-08T14:08:01 IST" name="verifyLoyaltySystem" finished-at="2024-08-08T14:08:01 IST" duration-ms="180" status="PASS">
          <reporter-output>
          </reporter-output>
        </test-method> <!-- verifyLoyaltySystem -->
        <test-method signature="verifyLicenceManagement()[pri:12, instance:com.acvissnewdashboardtestcase.HomePageTestcases@626abbd0]" started-at="2024-08-08T14:08:01 IST" name="verifyLicenceManagement" finished-at="2024-08-08T14:08:01 IST" duration-ms="174" status="PASS">
          <reporter-output>
          </reporter-output>
        </test-method> <!-- verifyLicenceManagement -->
        <test-method is-config="true" signature="tearDown()[pri:0, instance:com.acvissnewdashboardtestcase.HomePageTestcases@626abbd0]" started-at="2024-08-08T14:08:01 IST" name="tearDown" finished-at="2024-08-08T14:08:01 IST" duration-ms="193" status="PASS">
          <reporter-output>
          </reporter-output>
        </test-method> <!-- tearDown -->
      </class> <!-- com.acvissnewdashboardtestcase.HomePageTestcases -->
      <class name="com.acvissnewdashboardtestcase.LoginPageTest">
        <test-method is-config="true" signature="setUp()[pri:0, instance:com.acvissnewdashboardtestcase.LoginPageTest@7b4c50bc]" started-at="2024-08-08T14:07:27 IST" name="setUp" finished-at="2024-08-08T14:07:29 IST" duration-ms="2212" status="PASS">
          <reporter-output>
          </reporter-output>
        </test-method> <!-- setUp -->
        <test-method signature="loginPageTitleTest()[pri:1, instance:com.acvissnewdashboardtestcase.LoginPageTest@7b4c50bc]" started-at="2024-08-08T14:07:29 IST" name="loginPageTitleTest" finished-at="2024-08-08T14:07:29 IST" duration-ms="63" status="PASS">
          <reporter-output>
          </reporter-output>
        </test-method> <!-- loginPageTitleTest -->
        <test-method is-config="true" signature="tearDown()[pri:0, instance:com.acvissnewdashboardtestcase.LoginPageTest@7b4c50bc]" started-at="2024-08-08T14:07:29 IST" name="tearDown" finished-at="2024-08-08T14:07:31 IST" duration-ms="1149" status="PASS">
          <reporter-output>
          </reporter-output>
        </test-method> <!-- tearDown -->
        <test-method is-config="true" signature="setUp()[pri:0, instance:com.acvissnewdashboardtestcase.LoginPageTest@7b4c50bc]" started-at="2024-08-08T14:07:31 IST" name="setUp" finished-at="2024-08-08T14:07:32 IST" duration-ms="1445" status="PASS">
          <reporter-output>
          </reporter-output>
        </test-method> <!-- setUp -->
        <test-method signature="acvissLogoTest()[pri:2, instance:com.acvissnewdashboardtestcase.LoginPageTest@7b4c50bc]" started-at="2024-08-08T14:07:32 IST" name="acvissLogoTest" finished-at="2024-08-08T14:07:35 IST" duration-ms="3037" status="PASS">
          <reporter-output>
          </reporter-output>
        </test-method> <!-- acvissLogoTest -->
        <test-method is-config="true" signature="tearDown()[pri:0, instance:com.acvissnewdashboardtestcase.LoginPageTest@7b4c50bc]" started-at="2024-08-08T14:07:35 IST" name="tearDown" finished-at="2024-08-08T14:07:36 IST" duration-ms="1171" status="PASS">
          <reporter-output>
          </reporter-output>
        </test-method> <!-- tearDown -->
        <test-method is-config="true" signature="setUp()[pri:0, instance:com.acvissnewdashboardtestcase.LoginPageTest@7b4c50bc]" started-at="2024-08-08T14:07:36 IST" name="setUp" finished-at="2024-08-08T14:07:38 IST" duration-ms="1417" status="PASS">
          <reporter-output>
          </reporter-output>
        </test-method> <!-- setUp -->
        <test-method signature="logintest()[pri:3, instance:com.acvissnewdashboardtestcase.LoginPageTest@7b4c50bc]" started-at="2024-08-08T14:07:38 IST" name="logintest" finished-at="2024-08-08T14:07:38 IST" duration-ms="381" status="PASS">
          <reporter-output>
          </reporter-output>
        </test-method> <!-- logintest -->
        <test-method is-config="true" signature="tearDown()[pri:0, instance:com.acvissnewdashboardtestcase.LoginPageTest@7b4c50bc]" started-at="2024-08-08T14:07:38 IST" name="tearDown" finished-at="2024-08-08T14:07:39 IST" duration-ms="1149" status="PASS">
          <reporter-output>
          </reporter-output>
        </test-method> <!-- tearDown -->
        <test-method is-config="true" signature="setUp()[pri:0, instance:com.acvissnewdashboardtestcase.LoginPageTest@7b4c50bc]" started-at="2024-08-08T14:07:39 IST" name="setUp" finished-at="2024-08-08T14:07:44 IST" duration-ms="4352" status="PASS">
          <reporter-output>
          </reporter-output>
        </test-method> <!-- setUp -->
        <test-method signature="emptyValidationForUsernameTest()[pri:4, instance:com.acvissnewdashboardtestcase.LoginPageTest@7b4c50bc]" started-at="2024-08-08T14:07:44 IST" name="emptyValidationForUsernameTest" finished-at="2024-08-08T14:07:44 IST" duration-ms="198" status="PASS">
          <reporter-output>
          </reporter-output>
        </test-method> <!-- emptyValidationForUsernameTest -->
        <test-method is-config="true" signature="tearDown()[pri:0, instance:com.acvissnewdashboardtestcase.LoginPageTest@7b4c50bc]" started-at="2024-08-08T14:07:44 IST" name="tearDown" finished-at="2024-08-08T14:07:45 IST" duration-ms="1126" status="PASS">
          <reporter-output>
          </reporter-output>
        </test-method> <!-- tearDown -->
        <test-method is-config="true" signature="setUp()[pri:0, instance:com.acvissnewdashboardtestcase.LoginPageTest@7b4c50bc]" started-at="2024-08-08T14:07:45 IST" name="setUp" finished-at="2024-08-08T14:07:46 IST" duration-ms="1542" status="PASS">
          <reporter-output>
          </reporter-output>
        </test-method> <!-- setUp -->
        <test-method signature="emptyValidationForPasswordTest()[pri:5, instance:com.acvissnewdashboardtestcase.LoginPageTest@7b4c50bc]" started-at="2024-08-08T14:07:46 IST" name="emptyValidationForPasswordTest" finished-at="2024-08-08T14:07:47 IST" duration-ms="201" status="PASS">
          <reporter-output>
          </reporter-output>
        </test-method> <!-- emptyValidationForPasswordTest -->
        <test-method is-config="true" signature="tearDown()[pri:0, instance:com.acvissnewdashboardtestcase.LoginPageTest@7b4c50bc]" started-at="2024-08-08T14:07:47 IST" name="tearDown" finished-at="2024-08-08T14:07:48 IST" duration-ms="1126" status="PASS">
          <reporter-output>
          </reporter-output>
        </test-method> <!-- tearDown -->
        <test-method is-config="true" signature="setUp()[pri:0, instance:com.acvissnewdashboardtestcase.LoginPageTest@7b4c50bc]" started-at="2024-08-08T14:07:48 IST" name="setUp" finished-at="2024-08-08T14:07:53 IST" duration-ms="4820" status="PASS">
          <reporter-output>
          </reporter-output>
        </test-method> <!-- setUp -->
        <test-method signature="incorrectUsernameAndPasswordTest()[pri:6, instance:com.acvissnewdashboardtestcase.LoginPageTest@7b4c50bc]" started-at="2024-08-08T14:07:53 IST" name="incorrectUsernameAndPasswordTest" finished-at="2024-08-08T14:07:53 IST" duration-ms="779" status="PASS">
          <reporter-output>
          </reporter-output>
        </test-method> <!-- incorrectUsernameAndPasswordTest -->
        <test-method is-config="true" signature="tearDown()[pri:0, instance:com.acvissnewdashboardtestcase.LoginPageTest@7b4c50bc]" started-at="2024-08-08T14:07:53 IST" name="tearDown" finished-at="2024-08-08T14:07:54 IST" duration-ms="1166" status="PASS">
          <reporter-output>
          </reporter-output>
        </test-method> <!-- tearDown -->
      </class> <!-- com.acvissnewdashboardtestcase.LoginPageTest -->
    </test> <!-- Test -->
  </suite> <!-- Suite -->
</testng-results>
